============================= test session starts =============================
platform win32 -- Python 3.12.9, pytest-9.0.2, pluggy-1.6.0
rootdir: D:\Workspace\03.Dev_Projects\ai\LivePilotAI
configfile: pyproject.toml
plugins: anyio-4.12.0, asyncio-1.3.0, cov-7.0.0
asyncio: mode=Mode.STRICT, debug=False, asyncio_default_fixture_loop_scope=None, asyncio_default_test_loop_scope=function
collected 0 items / 1 error

=================================== ERRORS ====================================
____________ ERROR collecting tests/integration/test_api_basic.py _____________

    from __future__ import annotations
    
    import contextlib
    import inspect
    import io
    import json
    import math
    import sys
    import warnings
    from collections.abc import Awaitable, Callable, Generator, Iterable, Mapping, MutableMapping, Sequence
    from concurrent.futures import Future
    from contextlib import AbstractContextManager
    from types import GeneratorType
    from typing import (
        Any,
        Literal,
        TypedDict,
        TypeGuard,
        cast,
    )
    from urllib.parse import unquote, urljoin
    
    import anyio
    import anyio.abc
    import anyio.from_thread
    from anyio.streams.stapled import StapledObjectStream
    
    from starlette._utils import is_async_callable
    from starlette.types import ASGIApp, Message, Receive, Scope, Send
    from starlette.websockets import WebSocketDisconnect
    
    if sys.version_info >= (3, 11):  # pragma: no cover
        from typing import Self
    else:  # pragma: no cover
        from typing_extensions import Self
    
    try:
>       import httpx
E       ModuleNotFoundError: No module named 'httpx'

.venv\Lib\site-packages\starlette\testclient.py:38: ModuleNotFoundError

During handling of the above exception, another exception occurred:

    import pytest
>   from fastapi.testclient import TestClient

tests\integration\test_api_basic.py:2: 
_ _ _ _ _ _ _ _ _ _ _ _ _ _ _ _ _ _ _ _ _ _ _ _ _ _ _ _ _ _ _ _ _ _ _ _ _ _ _ _

>   from starlette.testclient import TestClient as TestClient  # noqa
    ^^^^^^^^^^^^^^^^^^^^^^^^^^^^^^^^^^^^^^^^^^^^^^^^^^^^^^^^^

.venv\Lib\site-packages\fastapi\testclient.py:1: 
_ _ _ _ _ _ _ _ _ _ _ _ _ _ _ _ _ _ _ _ _ _ _ _ _ _ _ _ _ _ _ _ _ _ _ _ _ _ _ _

    from __future__ import annotations
    
    import contextlib
    import inspect
    import io
    import json
    import math
    import sys
    import warnings
    from collections.abc import Awaitable, Callable, Generator, Iterable, Mapping, MutableMapping, Sequence
    from concurrent.futures import Future
    from contextlib import AbstractContextManager
    from types import GeneratorType
    from typing import (
        Any,
        Literal,
        TypedDict,
        TypeGuard,
        cast,
    )
    from urllib.parse import unquote, urljoin
    
    import anyio
    import anyio.abc
    import anyio.from_thread
    from anyio.streams.stapled import StapledObjectStream
    
    from starlette._utils import is_async_callable
    from starlette.types import ASGIApp, Message, Receive, Scope, Send
    from starlette.websockets import WebSocketDisconnect
    
    if sys.version_info >= (3, 11):  # pragma: no cover
        from typing import Self
    else:  # pragma: no cover
        from typing_extensions import Self
    
    try:
        import httpx
    except ModuleNotFoundError:  # pragma: no cover
>       raise RuntimeError(
            "The starlette.testclient module requires the httpx package to be installed.\n"
            "You can install this with:\n"
            "    $ pip install httpx\n"
        )
E       RuntimeError: The starlette.testclient module requires the httpx package to be installed.
E       You can install this with:
E           $ pip install httpx

.venv\Lib\site-packages\starlette\testclient.py:40: RuntimeError
=========================== short test summary info ===========================
ERROR tests/integration/test_api_basic.py - RuntimeError: The starlette.testc...
!!!!!!!!!!!!!!!!!!! Interrupted: 1 error during collection !!!!!!!!!!!!!!!!!!!!
============================== 1 error in 1.35s ===============================
